[www.designjoy.co/index.html]
[backblue.gif]
[fade.gif]
[index.html]
[www.designjoy.co/index.html]
[cdn.prod.website-files.com/5837424ae11409586f837994/5e2fb217d4837e75854462c9_Small.png]
[cdn.prod.website-files.com/5837424ae11409586f837994/5e2fb219ca409a4a31ab607d_large.png]
[ajax.googleapis.com/ajax/libs/webfont/1.6.26/webfont.js]
[cdn.prod.website-files.com/5837424ae11409586f837994/css/designjoy.shared.d3c8c2815.min.css]
[cdn.prod.website-files.com/5837424ae11409586f837994/css/designjoy.shared.d3c8c2815.min.css]
[cdn.jsdelivr.net/npm/@finsweet/cookie-consent@1/fs-cc.js]
[connect.facebook.net/en_US/fbevents.js]
[ajax.googleapis.com/ajax/libs/jquery/2.1.4/jquery.min.js]
[cdn.prod.website-files.com/5837424ae11409586f837994/678548430d58f4cbecec196f_Group 11.png]
[cdn.prod.website-files.com/5837424ae11409586f837994/678548430d58f4cbecec196c_card.png]
[api.memberstack.io/static/memberstack.js]
[cdn.prod.website-files.com/5837424ae11409586f837994/678548430d58f4cbecec197e_Smile.png]
[connect.facebook.net/en_US/fbevents.js]
[cdn.prod.website-files.com/5837424ae11409586f837994/678548430d58f4cbecec1999_Trello-Logo--Streamline-Logos.png]
[cdn.prod.website-files.com/5837424ae11409586f837994/678548430d58f4cbecec199b_Lock-Square-Dial-Pad--Streamline-Nova.png]
[cdn.prod.website-files.com/5837424ae11409586f837994/678548430d58f4cbecec1997_Flash-Enable-Allow-1--Streamline-Nova.png]
[cdn.prod.website-files.com/5837424ae11409586f837994/678548430d58f4cbecec199d_Star--Streamline-Nova.png]
[cdn.prod.website-files.com/5837424ae11409586f837994/678548430d58f4cbecec199f_Resize-Expand--Streamline-Nova.png]
[cdn.prod.website-files.com/5837424ae11409586f837994/678548430d58f4cbecec19bd_Group 1171274555.png]
[cdn.prod.website-files.com/5837424ae11409586f837994/678548430d58f4cbecec19a1_Touch-Id--Streamline-Nova.png]
[cdn.prod.website-files.com/5837424ae11409586f837994/678548430d58f4cbecec19ea_Group 1171274558.png]
[cdn.prod.website-files.com/5837424ae11409586f837994/678548430d58f4cbecec19ee_Group 1171274560.png]
[cdn.prod.website-files.com/5837424ae11409586f837994/678548430d58f4cbecec19de_Group 1171274563.png]
[cdn.prod.website-files.com/5837424ae11409586f837994/678548430d58f4cbecec19e6_Group 1171274559.png]
[cdn.prod.website-files.com/5837424ae11409586f837994/678548430d58f4cbecec19e2_Group 1171274561.png]
[cdn.prod.website-files.com/5837424ae11409586f837994/678548430d58f4cbecec19da_Group 1171274562.png]
[cdn.prod.website-files.com/5837424ae11409586f837994/678548430d58f4cbecec19a8_Group 1171274554.png]
[cdn.prod.website-files.com/5837424ae11409586f837994/678548430d58f4cbecec19b9_Group 10.png]
[cdn.prod.website-files.com/5837424ae11409586f837994/678548430d58f4cbecec19bb_Send-Email--Streamline-Ultimate.png]
[app.cal.com/embed/embed.js]
[d3e54v103j8qbb.cloudfront.net/js/jquery-3.5.1.min.dc5e7f18c80c42.js]
[cdn.prod.website-files.com/5837424ae11409586f837994/js/designjoy.schunk.36b8fb49256177c8.js]
[cdn.prod.website-files.com/5837424ae11409586f837994/js/designjoy.schunk.64554273d6187735.js]
[cdn.prod.website-files.com/5837424ae11409586f837994/js/designjoy.schunk.4928c134fa61d767.js]
[cdn.prod.website-files.com/5837424ae11409586f837994/js/designjoy.schunk.8208d3e53b97e3c7.js]
[cdn.prod.website-files.com/5837424ae11409586f837994/js/designjoy.5011d3a6.da6bd147aa9ec596.js]
[cdnjs.cloudflare.com/ajax/libs/Swiper/4.4.2/js/swiper.min.js]
[www.designjoy.co/t]
[www.designjoy.co/e]
[www.designjoy.co/t.resolvedLink]
[www.designjoy.co/o]
[www.designjoy.co/signals/iwl.js]
[www.designjoy.co/signals/iwl0fc5.js]
[www.designjoy.co/n.dl]
[www.designjoy.co/n.rl]
[www.designjoy.co/signals/config/index.html]
[calendly.com/assets/external/widget.css]
[www.designjoy.co/t]
[www.designjoy.co/e]
[www.designjoy.co/signals/plugins/index.html]
[www.designjoy.co/signals/config]
[www.designjoy.co/signals/plugins]
[calendly.com/assets/external/widget.js]
[www.designjoy.co/schema.org/index.html]
[www.designjoy.co/t.resolvedLink]
[www.designjoy.co/o]
[www.designjoy.co/signals/iwl.js]
[www.designjoy.co/signals/iwl0fc5.js]
[www.designjoy.co/n.dl]
[www.designjoy.co/n.rl]
[calendly.com/assets/external/widget.css]
[www.designjoy.co/signals/config]
[www.designjoy.co/signals/plugins]
[www.designjoy.co/schema.org]
[www.designjoy.co/schema.org]
[assets.calendly.com/assets/external/close-icon.svg]
[assets.calendly.com/assets/external/close-icon.svg]
